TN:
SF:src\components\app.js
FN:26,(anonymous_0)
FN:38,(anonymous_1)
FNF:2
FNH:1
FNDA:0,(anonymous_0)
FNDA:1,(anonymous_1)
DA:1,1
DA:2,1
DA:3,1
DA:4,1
DA:5,1
DA:6,1
DA:7,1
DA:8,1
DA:10,1
DA:13,1
DA:16,1
DA:17,1
DA:19,1
DA:21,1
DA:22,1
DA:23,1
DA:24,1
DA:26,1
DA:27,0
DA:31,1
DA:33,1
DA:35,1
DA:36,1
DA:38,1
DA:39,1
DA:40,1
DA:41,1
DA:44,1
LF:28
LH:27
BRF:0
BRH:0
end_of_record
TN:
SF:src\components\config\config.js
FNF:0
FNH:0
DA:1,1
DA:3,1
DA:5,1
LF:3
LH:3
BRF:0
BRH:0
end_of_record
TN:
SF:src\components\entries\entriesController.js
FN:6,(anonymous_0)
FN:33,(anonymous_1)
FN:54,(anonymous_2)
FN:96,(anonymous_3)
FN:143,(anonymous_4)
FNF:5
FNH:0
FNDA:0,(anonymous_0)
FNDA:0,(anonymous_1)
FNDA:0,(anonymous_2)
FNDA:0,(anonymous_3)
FNDA:0,(anonymous_4)
DA:1,1
DA:2,1
DA:3,1
DA:6,1
DA:7,0
DA:8,0
DA:10,0
DA:12,0
DA:13,0
DA:14,0
DA:15,0
DA:16,0
DA:20,0
DA:21,0
DA:25,0
DA:28,0
DA:33,1
DA:34,0
DA:35,0
DA:36,0
DA:37,0
DA:38,0
DA:45,0
DA:46,0
DA:48,0
DA:49,0
DA:54,1
DA:55,0
DA:56,0
DA:57,0
DA:58,0
DA:61,0
DA:62,0
DA:71,0
DA:72,0
DA:73,0
DA:82,0
DA:88,0
DA:91,0
DA:96,1
DA:97,0
DA:98,0
DA:99,0
DA:101,0
DA:103,0
DA:104,0
DA:105,0
DA:106,0
DA:107,0
DA:111,0
DA:112,0
DA:113,0
DA:122,0
DA:123,0
DA:124,0
DA:132,0
DA:133,0
DA:137,0
DA:138,0
DA:143,1
DA:144,0
DA:145,0
DA:147,0
DA:148,0
DA:151,0
DA:152,0
DA:161,0
DA:162,0
DA:163,0
DA:171,0
DA:172,0
DA:174,0
DA:175,0
DA:179,1
LF:74
LH:9
BRDA:13,0,0,0
BRDA:13,0,1,0
BRDA:37,1,0,0
BRDA:37,1,1,0
BRDA:61,2,0,0
BRDA:61,2,1,0
BRDA:72,3,0,0
BRDA:72,3,1,0
BRDA:104,4,0,0
BRDA:104,4,1,0
BRDA:112,5,0,0
BRDA:112,5,1,0
BRDA:123,6,0,0
BRDA:123,6,1,0
BRDA:151,7,0,0
BRDA:151,7,1,0
BRDA:162,8,0,0
BRDA:162,8,1,0
BRF:18
BRH:0
end_of_record
TN:
SF:src\components\entries\entriesRoute.js
FNF:0
FNH:0
DA:1,1
DA:9,1
DA:11,1
DA:13,1
DA:14,1
DA:20,1
LF:6
LH:6
BRF:0
BRH:0
end_of_record
TN:
SF:src\components\entries\entryHelper.js
FN:5,(anonymous_0)
FN:9,(anonymous_1)
FNF:2
FNH:0
FNDA:0,(anonymous_0)
FNDA:0,(anonymous_1)
DA:1,1
DA:3,1
DA:5,1
DA:6,0
DA:9,1
DA:10,0
DA:13,1
LF:7
LH:5
BRF:0
BRH:0
end_of_record
TN:
SF:src\components\entries\entryValidation.js
FNF:0
FNH:0
DA:1,1
DA:2,1
DA:4,1
DA:9,1
DA:13,1
LF:5
LH:5
BRF:0
BRH:0
end_of_record
TN:
SF:src\components\entries\models\entriesSchema.js
FNF:0
FNH:0
DA:1,1
DA:2,1
DA:4,1
DA:40,1
LF:4
LH:4
BRF:0
BRH:0
end_of_record
TN:
SF:src\components\middleware\authentication.js
FN:5,(anonymous_0)
FNF:1
FNH:0
FNDA:0,(anonymous_0)
DA:1,1
DA:2,1
DA:5,1
DA:6,0
DA:10,0
DA:11,0
DA:14,0
DA:15,0
DA:17,0
DA:19,0
DA:20,0
DA:26,0
DA:28,0
DA:30,0
DA:31,0
DA:35,1
LF:16
LH:4
BRDA:10,0,0,0
BRDA:10,0,1,0
BRDA:10,1,0,0
BRDA:10,1,1,0
BRF:4
BRH:0
end_of_record
TN:
SF:src\components\middleware\errorResponse.js
FN:2,errorResponse
FNF:1
FNH:1
FNDA:3,errorResponse
DA:3,3
DA:12,1
LF:2
LH:2
BRDA:7,0,0,3
BRDA:7,0,1,0
BRF:2
BRH:1
end_of_record
TN:
SF:src\components\users\userController.js
FN:23,(anonymous_0)
FN:67,(anonymous_1)
FN:111,(anonymous_2)
FN:135,(anonymous_3)
FN:160,(anonymous_4)
FN:177,(anonymous_5)
FN:217,(anonymous_6)
FN:228,(anonymous_7)
FNF:8
FNH:2
FNDA:2,(anonymous_0)
FNDA:3,(anonymous_1)
FNDA:0,(anonymous_2)
FNDA:0,(anonymous_3)
FNDA:0,(anonymous_4)
FNDA:0,(anonymous_5)
FNDA:0,(anonymous_6)
FNDA:0,(anonymous_7)
DA:1,1
DA:2,1
DA:3,1
DA:9,1
DA:10,1
DA:16,1
DA:18,1
DA:23,1
DA:24,2
DA:25,2
DA:26,2
DA:29,2
DA:30,0
DA:31,0
DA:32,0
DA:36,2
DA:37,2
DA:38,1
DA:41,1
DA:48,1
DA:51,1
DA:54,1
DA:55,1
DA:59,0
DA:60,0
DA:67,1
DA:68,3
DA:69,3
DA:70,3
DA:71,3
DA:72,0
DA:73,0
DA:74,0
DA:78,3
DA:79,3
DA:80,1
DA:83,2
DA:84,2
DA:85,2
DA:86,1
DA:94,1
DA:95,1
DA:98,1
DA:102,1
DA:104,0
DA:111,1
DA:112,0
DA:113,0
DA:115,0
DA:116,0
DA:117,0
DA:118,0
DA:124,0
DA:125,0
DA:127,0
DA:128,0
DA:135,1
DA:136,0
DA:137,0
DA:138,0
DA:139,0
DA:140,0
DA:141,0
DA:147,0
DA:150,0
DA:152,0
DA:154,0
DA:155,0
DA:160,1
DA:161,0
DA:162,0
DA:163,0
DA:164,0
DA:165,0
DA:167,0
DA:168,0
DA:177,1
DA:178,0
DA:179,0
DA:181,0
DA:182,0
DA:183,0
DA:184,0
DA:185,0
DA:189,0
DA:190,0
DA:191,0
DA:192,0
DA:193,0
DA:200,0
DA:201,0
DA:204,0
DA:205,0
DA:209,0
DA:210,0
DA:217,1
DA:218,0
DA:219,0
DA:228,1
DA:229,0
DA:230,0
DA:232,0
DA:234,0
DA:235,0
DA:236,0
DA:237,0
DA:238,0
DA:242,0
DA:243,0
DA:244,0
DA:247,0
DA:250,0
DA:253,0
DA:256,0
DA:257,0
DA:261,0
DA:263,0
DA:264,0
DA:268,1
LF:119
LH:43
BRDA:29,0,0,0
BRDA:29,0,1,2
BRDA:37,1,0,1
BRDA:37,1,1,1
BRDA:71,2,0,0
BRDA:71,2,1,3
BRDA:79,3,0,1
BRDA:79,3,1,2
BRDA:85,4,0,1
BRDA:85,4,1,1
BRDA:117,5,0,0
BRDA:117,5,1,0
BRDA:140,6,0,0
BRDA:140,6,1,0
BRDA:164,7,0,0
BRDA:164,7,1,0
BRDA:182,8,0,0
BRDA:182,8,1,0
BRDA:190,9,0,0
BRDA:190,9,1,0
BRDA:235,10,0,0
BRDA:235,10,1,0
BRDA:243,11,0,0
BRDA:243,11,1,0
BRF:24
BRH:8
end_of_record
TN:
SF:src\components\users\userHelper.js
FN:12,validateRegisterDetails
FN:16,validateLoginDetails
FN:20,validateUpdate
FN:24,validateEmail
FN:27,validatePassword
FNF:5
FNH:2
FNDA:2,validateRegisterDetails
FNDA:3,validateLoginDetails
FNDA:0,validateUpdate
FNDA:0,validateEmail
FNDA:0,validatePassword
DA:7,1
DA:9,1
DA:13,2
DA:17,3
DA:21,0
DA:25,0
DA:28,0
DA:31,1
LF:8
LH:5
BRF:0
BRH:0
end_of_record
TN:
SF:src\components\users\userRoute.js
FNF:0
FNH:0
DA:1,1
DA:2,1
DA:13,1
DA:15,1
DA:17,1
DA:18,1
DA:19,1
DA:20,1
DA:21,1
DA:22,1
DA:23,1
DA:25,1
LF:12
LH:12
BRF:0
BRH:0
end_of_record
TN:
SF:src\components\users\userValidation.js
FNF:0
FNH:0
DA:1,1
DA:6,1
DA:8,1
DA:10,1
DA:12,1
DA:23,1
DA:28,1
DA:33,1
DA:36,1
DA:45,1
LF:10
LH:10
BRF:0
BRH:0
end_of_record
TN:
SF:src\components\users\model\userModel.js
FN:54,(anonymous_0)
FN:61,(anonymous_1)
FN:67,(anonymous_2)
FN:74,(anonymous_3)
FNF:4
FNH:3
FNDA:1,(anonymous_0)
FNDA:2,(anonymous_1)
FNDA:2,(anonymous_2)
FNDA:0,(anonymous_3)
DA:1,1
DA:2,1
DA:3,1
DA:4,1
DA:5,1
DA:7,1
DA:54,1
DA:55,1
DA:56,1
DA:57,1
DA:61,1
DA:62,2
DA:63,2
DA:67,1
DA:68,2
DA:71,2
DA:74,1
DA:75,0
DA:76,0
DA:77,0
DA:80,1
LF:21
LH:18
BRF:0
BRH:0
end_of_record
TN:
SF:src\components\utils\mail.js
FN:21,(anonymous_0)
FN:39,(anonymous_1)
FN:58,(anonymous_2)
FN:72,(anonymous_3)
FNF:4
FNH:1
FNDA:1,(anonymous_0)
FNDA:0,(anonymous_1)
FNDA:0,(anonymous_2)
FNDA:0,(anonymous_3)
DA:1,1
DA:4,1
DA:6,1
DA:21,1
DA:22,1
DA:23,1
DA:30,0
DA:32,1
DA:39,1
DA:40,0
DA:41,0
DA:48,0
DA:50,0
DA:58,1
DA:59,0
DA:60,0
DA:67,0
DA:69,0
DA:72,1
DA:73,0
DA:74,0
DA:81,0
DA:83,0
DA:87,1
LF:24
LH:11
BRF:0
BRH:0
end_of_record
TN:
SF:src\components\utils\messages.js
FNF:0
FNH:0
DA:1,1
DA:9,1
DA:17,1
DA:25,1
DA:33,1
DA:42,1
LF:6
LH:6
BRF:0
BRH:0
end_of_record
